Using pre-set license
Built from '2020.3/staging' branch; Version is '2020.3.9f1 (108be757e447) revision 1084391'; Using compiler version '192528614'; Build Type 'Release'
OS: 'Windows 10 Home; OS build 22000.51; Version 2009; 64bit' Language: 'en' Physical Memory: 16150 MB
BatchMode: 1, IsHumanControllingUs: 0, StartBugReporterOnCrash: 0, Is64bit: 1, IsPro: 0

 COMMAND LINE ARGUMENTS:
C:\Program Files\Unity\Hub\Editor\2020.3.9f1\Editor\Unity.exe
-adb2
-batchMode
-noUpm
-name
AssetImportWorker0
-projectPath
C:/Users/koeno/Documents/GitHub/DuckHuntVR
-logFile
Logs/AssetImportWorker0.log
-srvPort
52570
Successfully changed project path to: C:/Users/koeno/Documents/GitHub/DuckHuntVR
C:/Users/koeno/Documents/GitHub/DuckHuntVR
Using Asset Import Pipeline V2.
Refreshing native plugins compatible for Editor in 87.45 ms, found 4 plugins.
Preloading 1 native plugins for Editor in 1.29 ms.
Initialize engine version: 2020.3.9f1 (108be757e447)
[Subsystems] Discovering subsystems at path C:/Program Files/Unity/Hub/Editor/2020.3.9f1/Editor/Data/Resources/UnitySubsystems
[Subsystems] Discovering subsystems at path C:/Users/koeno/Documents/GitHub/DuckHuntVR/Assets
GfxDevice: creating device client; threaded=0
Direct3D:
    Version:  Direct3D 11.0 [level 11.1]
    Renderer: NVIDIA GeForce RTX 2060 (ID=0x1f15)
    Vendor:   
    VRAM:     5980 MB
    Driver:   27.21.14.6280
Shader 'Universal Render Pipeline/Particles/Lit': fallback shader 'Universal Render Pipeline/Particles/SimpleLit' not found
Shader 'Oculus/OVRMRCameraFrameLit': fallback shader 'Alpha-Diffuse' not found
Initialize mono
Mono path[0] = 'C:/Program Files/Unity/Hub/Editor/2020.3.9f1/Editor/Data/Managed'
Mono path[1] = 'C:/Program Files/Unity/Hub/Editor/2020.3.9f1/Editor/Data/MonoBleedingEdge/lib/mono/unityjit'
Mono config path = 'C:/Program Files/Unity/Hub/Editor/2020.3.9f1/Editor/Data/MonoBleedingEdge/etc'
Using monoOptions --debugger-agent=transport=dt_socket,embedding=1,server=y,suspend=n,address=127.0.0.1:56960
Begin MonoManager ReloadAssembly
Registering precompiled unity dll's ...
Register platform support module: C:/Program Files/Unity/Hub/Editor/2020.3.9f1/Editor/Data/PlaybackEngines/WindowsStandaloneSupport/UnityEditor.WindowsStandalone.Extensions.dll
Registered in 0.002756 seconds.
Native extension for WindowsStandalone target not found
Refreshing native plugins compatible for Editor in 58.08 ms, found 4 plugins.
Preloading 1 native plugins for Editor in 0.07 ms.
Mono: successfully reloaded assembly
- Completed reload, in  3.032 seconds
Platform modules already initialized, skipping
Registering precompiled user dll's ...
Registered in 0.005380 seconds.
Begin MonoManager ReloadAssembly
Native extension for WindowsStandalone target not found
Refreshing native plugins compatible for Editor in 58.24 ms, found 4 plugins.
Preloading 1 native plugins for Editor in 0.07 ms.
[XR] OculusXRPlugin: registering subsystems
[XR] Unable to register display lifecyle provider: [1]
[XR] Oculus Input lifecycle provider registered.
[XR] Unable to register input lifecyle provider: [1]
[XR] OVRP version 1.61.0
Mono: successfully reloaded assembly
- Completed reload, in  0.957 seconds
Platform modules already initialized, skipping
========================================================================
Worker process is ready to serve import requests
Shader 'Universal Render Pipeline/Particles/Lit': fallback shader 'Universal Render Pipeline/Particles/SimpleLit' not found
Shader 'Oculus/OVRMRCameraFrameLit': fallback shader 'Alpha-Diffuse' not found
Launched and connected shader compiler UnityShaderCompiler.exe after 0.05 seconds
Refreshing native plugins compatible for Editor in 0.70 ms, found 4 plugins.
Preloading 1 native plugins for Editor in 0.07 ms.
Unloading 3094 Unused Serialized files (Serialized files now loaded: 0)
System memory in use before: 224.2 MB.
System memory in use after: 224.1 MB.

Unloading 42 unused Assets to reduce memory usage. Loaded Objects now: 3522.
Total: 2.540200 ms (FindLiveObjects: 0.275300 ms CreateObjectMapping: 0.134600 ms MarkObjects: 1.951300 ms  DeleteObjects: 0.178200 ms)

========================================================================
Received Import Request.
  path: Assets/Objects/Dog/Dogs.prefab
  artifactKey: Guid(20a761b3f7005f6478949686b9a2b498) Importer(815301076,1909f56bfc062723c751e8b465ee728b)
Start importing Assets/Objects/Dog/Dogs.prefab using Guid(20a761b3f7005f6478949686b9a2b498) Importer(815301076,1909f56bfc062723c751e8b465ee728b)  -> (artifact id: '0c013967d3aff2c1735b0e04eb77a8b0') in 0.225126 seconds
  Import took 0.230968 seconds .

========================================================================
Received Import Request.
  Time since last request: 1561.112650 seconds.
  path: Assets/DogManager.cs
  artifactKey: Guid(7ae3a08269436af49931ffccc78b5255) Importer(815301076,1909f56bfc062723c751e8b465ee728b)
Start importing Assets/DogManager.cs using Guid(7ae3a08269436af49931ffccc78b5255) Importer(815301076,1909f56bfc062723c751e8b465ee728b)  -> (artifact id: '939c1ab48f46b48ac01d5ed279904ed0') in 0.013765 seconds
  Import took 0.019970 seconds .

========================================================================
Received Import Request.
  Time since last request: 3.967603 seconds.
  path: Assets/EffectManager.cs
  artifactKey: Guid(e87515c6d9efd9349a6bed09cdcf13a3) Importer(815301076,1909f56bfc062723c751e8b465ee728b)
Start importing Assets/EffectManager.cs using Guid(e87515c6d9efd9349a6bed09cdcf13a3) Importer(815301076,1909f56bfc062723c751e8b465ee728b)  -> (artifact id: 'ab3c32c11384df5255a1356550973cc8') in 0.009659 seconds
  Import took 0.015614 seconds .

========================================================================
Received Import Request.
  Time since last request: 0.000553 seconds.
  path: Assets/EffectManager.cs
  artifactKey: Guid(e87515c6d9efd9349a6bed09cdcf13a3) Importer(815301076,1909f56bfc062723c751e8b465ee728b)
Start importing Assets/EffectManager.cs using Guid(e87515c6d9efd9349a6bed09cdcf13a3) Importer(815301076,1909f56bfc062723c751e8b465ee728b)  -> (artifact id: 'ab3c32c11384df5255a1356550973cc8') in 0.003795 seconds
  Import took 0.008739 seconds .

========================================================================
Received Prepare
Registering precompiled user dll's ...
Registered in 0.003242 seconds.
Begin MonoManager ReloadAssembly
Native extension for WindowsStandalone target not found
Refreshing native plugins compatible for Editor in 0.73 ms, found 4 plugins.
Preloading 1 native plugins for Editor in 0.08 ms.
Mono: successfully reloaded assembly
- Completed reload, in  0.903 seconds
Platform modules already initialized, skipping
Switching build target platform(19) subTarget(0) extendedPlatform(0) -> platform(13) subTarget(524288) extendedPlatform(0)
Shader 'Universal Render Pipeline/Particles/Lit': fallback shader 'Universal Render Pipeline/Particles/SimpleLit' not found
Shader 'Oculus/OVRMRCameraFrameLit': fallback shader 'Alpha-Diffuse' not found
Refreshing native plugins compatible for Editor in 0.72 ms, found 4 plugins.
Preloading 1 native plugins for Editor in 0.07 ms.
Unloading 2924 Unused Serialized files (Serialized files now loaded: 0)
System memory in use before: 214.6 MB.
System memory in use after: 214.5 MB.

Unloading 37 unused Assets to reduce memory usage. Loaded Objects now: 3571.
Total: 2.379500 ms (FindLiveObjects: 0.329000 ms CreateObjectMapping: 0.164000 ms MarkObjects: 1.736200 ms  DeleteObjects: 0.149500 ms)

AssetImportParameters requested are different than current active one (requested -> active):
  custom:graphics/normal-map-encoding: 01000000000000000000000000000000 -> 02000000000000000000000000000000
========================================================================
Received Import Request.
  Time since last request: 42.113731 seconds.
  path: Assets/Scripts/Managers
  artifactKey: Guid(125c80923057a4b4f954cd2249999954) Importer(815301076,1909f56bfc062723c751e8b465ee728b)
Start importing Assets/Scripts/Managers using Guid(125c80923057a4b4f954cd2249999954) Importer(815301076,1909f56bfc062723c751e8b465ee728b)  -> (artifact id: 'ccfc3c792bd82396c61382c1dcef1c10') in 0.013803 seconds
  Import took 0.019301 seconds .

========================================================================
Received Import Request.
  Time since last request: 0.007252 seconds.
  path: Assets/Scripts/Managers
  artifactKey: Guid(125c80923057a4b4f954cd2249999954) Importer(815301076,1909f56bfc062723c751e8b465ee728b)
Start importing Assets/Scripts/Managers using Guid(125c80923057a4b4f954cd2249999954) Importer(815301076,1909f56bfc062723c751e8b465ee728b)  -> (artifact id: 'ccfc3c792bd82396c61382c1dcef1c10') in 0.003859 seconds
  Import took 0.010167 seconds .

========================================================================
Received Prepare
Registering precompiled user dll's ...
Registered in 0.003339 seconds.
Begin MonoManager ReloadAssembly
Native extension for WindowsStandalone target not found
Refreshing native plugins compatible for Editor in 0.80 ms, found 4 plugins.
Preloading 1 native plugins for Editor in 0.08 ms.
Mono: successfully reloaded assembly
- Completed reload, in  0.900 seconds
Platform modules already initialized, skipping
Switching build target platform(19) subTarget(0) extendedPlatform(0) -> platform(13) subTarget(524288) extendedPlatform(0)
Shader 'Universal Render Pipeline/Particles/Lit': fallback shader 'Universal Render Pipeline/Particles/SimpleLit' not found
Shader 'Oculus/OVRMRCameraFrameLit': fallback shader 'Alpha-Diffuse' not found
Refreshing native plugins compatible for Editor in 0.73 ms, found 4 plugins.
Preloading 1 native plugins for Editor in 0.07 ms.
Unloading 2924 Unused Serialized files (Serialized files now loaded: 0)
System memory in use before: 214.6 MB.
System memory in use after: 214.5 MB.

Unloading 37 unused Assets to reduce memory usage. Loaded Objects now: 3575.
Total: 2.433200 ms (FindLiveObjects: 0.311600 ms CreateObjectMapping: 0.155100 ms MarkObjects: 1.814100 ms  DeleteObjects: 0.151600 ms)

AssetImportParameters requested are different than current active one (requested -> active):
  custom:graphics/normal-map-encoding: 01000000000000000000000000000000 -> 02000000000000000000000000000000
========================================================================
Received Import Request.
  Time since last request: 50.295904 seconds.
  path: Assets/Scenes/SampleScene.unity
  artifactKey: Guid(d1c3109bdb54ad54c8a2b2838528e640) Importer(815301076,1909f56bfc062723c751e8b465ee728b)
Start importing Assets/Scenes/SampleScene.unity using Guid(d1c3109bdb54ad54c8a2b2838528e640) Importer(815301076,1909f56bfc062723c751e8b465ee728b)  -> (artifact id: 'cd76b42360b63ab42a97bb11a2a57359') in 0.032861 seconds
  Import took 0.038251 seconds .

========================================================================
Received Import Request.
  Time since last request: 20.677929 seconds.
  path: Assets/Scenes/Main.unity
  artifactKey: Guid(d1c3109bdb54ad54c8a2b2838528e640) Importer(815301076,1909f56bfc062723c751e8b465ee728b)
Start importing Assets/Scenes/Main.unity using Guid(d1c3109bdb54ad54c8a2b2838528e640) Importer(815301076,1909f56bfc062723c751e8b465ee728b)  -> (artifact id: '7b00744584988a77b364018e1689653e') in 0.014690 seconds
  Import took 0.020292 seconds .

========================================================================
Received Import Request.
  Time since last request: 0.001018 seconds.
  path: Assets/Scenes/Main.unity
  artifactKey: Guid(d1c3109bdb54ad54c8a2b2838528e640) Importer(815301076,1909f56bfc062723c751e8b465ee728b)
Start importing Assets/Scenes/Main.unity using Guid(d1c3109bdb54ad54c8a2b2838528e640) Importer(815301076,1909f56bfc062723c751e8b465ee728b)  -> (artifact id: '7b00744584988a77b364018e1689653e') in 0.003953 seconds
  Import took 0.009479 seconds .

========================================================================
Received Prepare
Shader 'Universal Render Pipeline/Particles/Lit': fallback shader 'Universal Render Pipeline/Particles/SimpleLit' not found
Shader 'Oculus/OVRMRCameraFrameLit': fallback shader 'Alpha-Diffuse' not found
Refreshing native plugins compatible for Editor in 7.63 ms, found 4 plugins.
Preloading 1 native plugins for Editor in 0.06 ms.
Unloading 34 Unused Serialized files (Serialized files now loaded: 0)
System memory in use before: 160.0 MB.
System memory in use after: 159.9 MB.

Unloading 34 unused Assets to reduce memory usage. Loaded Objects now: 3575.
Total: 3.182100 ms (FindLiveObjects: 0.435300 ms CreateObjectMapping: 0.205700 ms MarkObjects: 2.333600 ms  DeleteObjects: 0.206700 ms)

AssetImportWorkerClient::OnTransportError - code=2 error=End of file
